[OK] Axxon 365 License Management\AxClass\AxnLicApplicationStartupEventManager.xml
[OK] Axxon 365 License Management\AxClass\AxnLicComponentDiscoveryService.xml
[OK] Axxon 365 License Management\AxClass\AxnLicDataIntegrityHandler.xml
[OK] Axxon 365 License Management\AxClass\AxnLicDataIntegrityService.xml
[OK] Axxon 365 License Management\AxClass\AxnLicExtensionChecker.xml
[OK] Axxon 365 License Management\AxClass\AxnLicExtensionContract.xml
[OK] Axxon 365 License Management\AxClass\AxnLicExtensionRegistry.xml
[OK] Axxon 365 License Management\AxClass\AxnLicFeatureChecker.xml
[OK] Axxon 365 License Management\AxClass\AxnLicFeatureContract.xml
[OK] Axxon 365 License Management\AxClass\AxnLicFeatureRegistry.xml
[OK] Axxon 365 License Management\AxClass\AxnLicHttpAuthProviderApiKey.xml
[OK] Axxon 365 License Management\AxClass\AxnLicHttpAuthProviderBearer.xml
[OK] Axxon 365 License Management\AxClass\AxnLicHttpCallContract.xml
[OK] Axxon 365 License Management\AxClass\AxnLicHttpCallService.xml
[OK] Axxon 365 License Management\AxClass\AxnLicHttpClient.xml
[OK] Axxon 365 License Management\AxClass\AxnLicMetadataChecker.xml
[OK] Axxon 365 License Management\AxClass\AxnLicMetadataCheckerContract.xml
[OK] Axxon 365 License Management\AxClass\AxnLicMetadataCheckerTestJob.xml
[OK] Axxon 365 License Management\AxClass\AxnLicNotificationService.xml
[OK] Axxon 365 License Management\AxClass\AxnLicSubscriptionApplyService.xml
[OK] Axxon 365 License Management\AxClass\AxnLicSubscriptionChecker.xml
[OK] Axxon 365 License Management\AxClass\AxnLicSubscriptionController.xml
[OK] Axxon 365 License Management\AxClass\AxnLicSubscriptionRequestContract.xml
[OK] Axxon 365 License Management\AxClass\AxnLicSubscriptionResponseContract.xml
[OK] Axxon 365 License Management\AxClass\AxnLicSubscriptionResponseDetailContract.xml
[OK] Axxon 365 License Management\AxClass\AxnLicSubscriptionResponseTokenContract.xml
[OK] Axxon 365 License Management\AxClass\AxnLicSubscriptionService.xml
[OK] Axxon 365 License Management\AxClass\AxnLicSubscriptionSync.xml
[OK] Axxon 365 License Management\AxClass\AxnLicTaggedFeaturesElementsDiscoverService.xml
[OK] Axxon 365 License Management\AxClass\AxnLicTimerService.xml
[OK] Axxon 365 License Management\AxClass\FormRun_Axxon365LicenseManagement_Extension.xml
[OK] Axxon 365 License Management\AxClass\IAxnLicHttpAuthProvider.xml
[OK] Axxon 365 License Management\AxClass\IAxnLicHttpClient.xml
[OK] Axxon 365 License Management\AxClass\SysMenuNav_Axxon365LicenseManagement_Extension.xml
[OK] Axxon 365 License Management\AxForm\AxnLicCompanyExtensionFeature.xml
[OK] Axxon 365 License Management\AxForm\AxnLicCompanySubscriptionExtension.xml
[OK] Axxon 365 License Management\AxForm\AxnLicParameters.xml
[OK] Axxon 365 License Management\AxForm\AxnLicSubscriptionApply.xml
[OK] Axxon 365 License Management\AxForm\AxnLicUser.xml
[OK] Axxon 365 License Management\AxTable\AxnLicParameters.xml
[ERR] Axxon 365 License Management\AxTable\AxnLicParametersStaging.xml - Falló generación: No se encontró Declaration ni métodos.
[OK] Axxon 365 License Management\AxTable\AxnLicSubscription.xml
[OK] Axxon 365 License Management\AxTable\AxnLicSubscriptionExtension.xml
[OK] Axxon 365 License Management\AxTable\AxnLicSubscriptionExtensionFeature.xml
[ERR] Axxon 365 License Management\AxTable\AxnLicSubscriptionExtensionFeatureStaging.xml - Falló generación: No se encontró Declaration ni métodos.
[OK] Axxon 365 License Management\AxTable\AxnLicSubscriptionExtensionFeatureState.xml
[ERR] Axxon 365 License Management\AxTable\AxnLicSubscriptionExtensionFeatureStateStaging.xml - Falló generación: No se encontró Declaration ni métodos.
[OK] Axxon 365 License Management\AxTable\AxnLicSubscriptionExtensionPatch.xml
[OK] Axxon 365 License Management\AxTable\AxnLicSubscriptionExtensionState.xml
[ERR] Axxon 365 License Management\AxTable\AxnLicSubscriptionExtensionStateStaging.xml - Falló generación: No se encontró Declaration ni métodos.
[OK] Axxon 365 License Management\AxTable\AxnLicSubscriptionPatch.xml
[OK] Axxon 365 License Management\AxTable\AxnLicSubscriptionState.xml
[ERR] Axxon 365 License Management\AxTable\AxnLicSubscriptionStateStaging.xml - Falló generación: No se encontró Declaration ni métodos.
[OK] Axxon 365 License Management\AxTable\AxnLicSubscriptionVerification.xml
[OK] Axxon 365 License Management\AxTable\AxnLicTaggedForm.xml
[OK] Axxon 365 License Management\AxTable\AxnLicTaggedFormControl.xml
[OK] Axxon 365 License Management\AxTable\AxnLicTaggedMenu.xml
[OK] Axxon 365 License Management\AxTable\AxnLicUser.xml
[ERR] Axxon 365 License Management\AxTable\AxnLicUserStaging.xml - Falló generación: No se encontró Declaration ni métodos.

----------------------------------------------------------------
RESUMEN: Procesados: 59 | Exitosos: 53 | Errores: 6

--- ARCHIVOS CON ERRORES ---
C:\Repos\AxxonFactory\FO.Apps.License\src\xpp\Metadata\Axxon365LicenseManagement\Axxon 365 License Management\AxTable\AxnLicParametersStaging.xml -> No se encontró Declaration ni métodos.
C:\Repos\AxxonFactory\FO.Apps.License\src\xpp\Metadata\Axxon365LicenseManagement\Axxon 365 License Management\AxTable\AxnLicSubscriptionExtensionFeatureStaging.xml -> No se encontró Declaration ni métodos.
C:\Repos\AxxonFactory\FO.Apps.License\src\xpp\Metadata\Axxon365LicenseManagement\Axxon 365 License Management\AxTable\AxnLicSubscriptionExtensionFeatureStateStaging.xml -> No se encontró Declaration ni métodos.
C:\Repos\AxxonFactory\FO.Apps.License\src\xpp\Metadata\Axxon365LicenseManagement\Axxon 365 License Management\AxTable\AxnLicSubscriptionExtensionStateStaging.xml -> No se encontró Declaration ni métodos.
C:\Repos\AxxonFactory\FO.Apps.License\src\xpp\Metadata\Axxon365LicenseManagement\Axxon 365 License Management\AxTable\AxnLicSubscriptionStateStaging.xml -> No se encontró Declaration ni métodos.
C:\Repos\AxxonFactory\FO.Apps.License\src\xpp\Metadata\Axxon365LicenseManagement\Axxon 365 License Management\AxTable\AxnLicUserStaging.xml -> No se encontró Declaration ni métodos.
